\BOOKMARK [0][-]{chapter.1}{\376\377\000M\000a\000i\000n\000\040\000P\000a\000g\000e}{}% 1
\BOOKMARK [0][-]{chapter.2}{\376\377\000N\000a\000m\000e\000s\000p\000a\000c\000e\000\040\000I\000n\000d\000e\000x}{}% 2
\BOOKMARK [1][-]{section.2.1}{\376\377\000N\000a\000m\000e\000s\000p\000a\000c\000e\000\040\000L\000i\000s\000t}{chapter.2}% 3
\BOOKMARK [0][-]{chapter.3}{\376\377\000H\000i\000e\000r\000a\000r\000c\000h\000i\000c\000a\000l\000\040\000I\000n\000d\000e\000x}{}% 4
\BOOKMARK [1][-]{section.3.1}{\376\377\000C\000l\000a\000s\000s\000\040\000H\000i\000e\000r\000a\000r\000c\000h\000y}{chapter.3}% 5
\BOOKMARK [0][-]{chapter.4}{\376\377\000C\000l\000a\000s\000s\000\040\000I\000n\000d\000e\000x}{}% 6
\BOOKMARK [1][-]{section.4.1}{\376\377\000C\000l\000a\000s\000s\000\040\000L\000i\000s\000t}{chapter.4}% 7
\BOOKMARK [0][-]{chapter.5}{\376\377\000F\000i\000l\000e\000\040\000I\000n\000d\000e\000x}{}% 8
\BOOKMARK [1][-]{section.5.1}{\376\377\000F\000i\000l\000e\000\040\000L\000i\000s\000t}{chapter.5}% 9
\BOOKMARK [0][-]{chapter.6}{\376\377\000N\000a\000m\000e\000s\000p\000a\000c\000e\000\040\000D\000o\000c\000u\000m\000e\000n\000t\000a\000t\000i\000o\000n}{}% 10
\BOOKMARK [1][-]{section.6.1}{\376\377\000w\000p\000c\000\040\000N\000a\000m\000e\000s\000p\000a\000c\000e\000\040\000R\000e\000f\000e\000r\000e\000n\000c\000e}{chapter.6}% 11
\BOOKMARK [2][-]{subsection.6.1.1}{\376\377\000T\000y\000p\000e\000d\000e\000f\000\040\000D\000o\000c\000u\000m\000e\000n\000t\000a\000t\000i\000o\000n}{section.6.1}% 12
\BOOKMARK [3][-]{subsubsection.6.1.1.1}{\376\377\000B\000r\000o\000w\000s\000e\000r\000D\000a\000t\000a\000V\000e\000c\000t\000o\000r}{subsection.6.1.1}% 13
\BOOKMARK [3][-]{subsubsection.6.1.1.2}{\376\377\000L\000a\000y\000e\000r\000D\000a\000t\000a\000V\000e\000c\000t\000o\000r}{subsection.6.1.1}% 14
\BOOKMARK [2][-]{subsection.6.1.2}{\376\377\000F\000u\000n\000c\000t\000i\000o\000n\000\040\000D\000o\000c\000u\000m\000e\000n\000t\000a\000t\000i\000o\000n}{section.6.1}% 15
\BOOKMARK [3][-]{subsubsection.6.1.2.1}{\376\377\000r\000e\000p\000l\000a\000c\000e\000S\000t\000r\000i\000n\000g}{subsection.6.1.2}% 16
\BOOKMARK [0][-]{chapter.7}{\376\377\000C\000l\000a\000s\000s\000\040\000D\000o\000c\000u\000m\000e\000n\000t\000a\000t\000i\000o\000n}{}% 17
\BOOKMARK [1][-]{section.7.1}{\376\377\000w\000p\000c\000:\000:\000A\000p\000p\000D\000a\000t\000a\000\040\000S\000t\000r\000u\000c\000t\000\040\000R\000e\000f\000e\000r\000e\000n\000c\000e}{chapter.7}% 18
\BOOKMARK [2][-]{subsection.7.1.1}{\376\377\000D\000e\000t\000a\000i\000l\000e\000d\000\040\000D\000e\000s\000c\000r\000i\000p\000t\000i\000o\000n}{section.7.1}% 19
\BOOKMARK [2][-]{subsection.7.1.2}{\376\377\000C\000o\000n\000s\000t\000r\000u\000c\000t\000o\000r\000\040\000\046\000\040\000D\000e\000s\000t\000r\000u\000c\000t\000o\000r\000\040\000D\000o\000c\000u\000m\000e\000n\000t\000a\000t\000i\000o\000n}{section.7.1}% 20
\BOOKMARK [3][-]{subsubsection.7.1.2.1}{\376\377\000A\000p\000p\000D\000a\000t\000a}{subsection.7.1.2}% 21
\BOOKMARK [1][-]{section.7.2}{\376\377\000w\000p\000c\000:\000:\000B\000a\000s\000i\000c\000C\000o\000m\000p\000a\000r\000a\000t\000o\000r\000\040\000C\000l\000a\000s\000s\000\040\000R\000e\000f\000e\000r\000e\000n\000c\000e}{chapter.7}% 22
\BOOKMARK [2][-]{subsection.7.2.1}{\376\377\000D\000e\000t\000a\000i\000l\000e\000d\000\040\000D\000e\000s\000c\000r\000i\000p\000t\000i\000o\000n}{section.7.2}% 23
\BOOKMARK [2][-]{subsection.7.2.2}{\376\377\000M\000e\000m\000b\000e\000r\000\040\000T\000y\000p\000e\000d\000e\000f\000\040\000D\000o\000c\000u\000m\000e\000n\000t\000a\000t\000i\000o\000n}{section.7.2}% 24
\BOOKMARK [3][-]{subsubsection.7.2.2.1}{\376\377\000r\000e\000s\000u\000l\000t\000\137\000t\000y\000p\000e}{subsection.7.2.2}% 25
\BOOKMARK [2][-]{subsection.7.2.3}{\376\377\000M\000e\000m\000b\000e\000r\000\040\000E\000n\000u\000m\000e\000r\000a\000t\000i\000o\000n\000\040\000D\000o\000c\000u\000m\000e\000n\000t\000a\000t\000i\000o\000n}{section.7.2}% 26
\BOOKMARK [3][-]{subsubsection.7.2.3.1}{\376\377\000C\000O\000L\000O\000R}{subsection.7.2.3}% 27
\BOOKMARK [2][-]{subsection.7.2.4}{\376\377\000C\000o\000n\000s\000t\000r\000u\000c\000t\000o\000r\000\040\000\046\000\040\000D\000e\000s\000t\000r\000u\000c\000t\000o\000r\000\040\000D\000o\000c\000u\000m\000e\000n\000t\000a\000t\000i\000o\000n}{section.7.2}% 28
\BOOKMARK [3][-]{subsubsection.7.2.4.1}{\376\377\000B\000a\000s\000i\000c\000C\000o\000m\000p\000a\000r\000a\000t\000o\000r}{subsection.7.2.4}% 29
\BOOKMARK [2][-]{subsection.7.2.5}{\376\377\000M\000e\000m\000b\000e\000r\000\040\000F\000u\000n\000c\000t\000i\000o\000n\000\040\000D\000o\000c\000u\000m\000e\000n\000t\000a\000t\000i\000o\000n}{section.7.2}% 30
\BOOKMARK [3][-]{subsubsection.7.2.5.1}{\376\377\000c\000a\000l\000c\000M\000o\000m\000e\000n\000t\000u\000m}{subsection.7.2.5}% 31
\BOOKMARK [3][-]{subsubsection.7.2.5.2}{\376\377\000o\000p\000e\000r\000a\000t\000o\000r\000\050\000\051}{subsection.7.2.5}% 32
\BOOKMARK [1][-]{section.7.3}{\376\377\000w\000p\000c\000:\000:\000B\000a\000s\000i\000c\000L\000o\000a\000d\000e\000r\000\040\000C\000l\000a\000s\000s\000\040\000R\000e\000f\000e\000r\000e\000n\000c\000e}{chapter.7}% 33
\BOOKMARK [2][-]{subsection.7.3.1}{\376\377\000D\000e\000t\000a\000i\000l\000e\000d\000\040\000D\000e\000s\000c\000r\000i\000p\000t\000i\000o\000n}{section.7.3}% 34
\BOOKMARK [2][-]{subsection.7.3.2}{\376\377\000M\000e\000m\000b\000e\000r\000\040\000T\000y\000p\000e\000d\000e\000f\000\040\000D\000o\000c\000u\000m\000e\000n\000t\000a\000t\000i\000o\000n}{section.7.3}% 35
\BOOKMARK [3][-]{subsubsection.7.3.2.1}{\376\377\000C\000o\000m\000p\000a\000r\000i\000s\000o\000n\000R\000e\000s\000u\000l\000t\000T\000y\000p\000e}{subsection.7.3.2}% 36
\BOOKMARK [2][-]{subsection.7.3.3}{\376\377\000C\000o\000n\000s\000t\000r\000u\000c\000t\000o\000r\000\040\000\046\000\040\000D\000e\000s\000t\000r\000u\000c\000t\000o\000r\000\040\000D\000o\000c\000u\000m\000e\000n\000t\000a\000t\000i\000o\000n}{section.7.3}% 37
\BOOKMARK [3][-]{subsubsection.7.3.3.1}{\376\377\000B\000a\000s\000i\000c\000L\000o\000a\000d\000e\000r}{subsection.7.3.3}% 38
\BOOKMARK [3][-]{subsubsection.7.3.3.2}{\376\377\000B\000a\000s\000i\000c\000L\000o\000a\000d\000e\000r}{subsection.7.3.3}% 39
\BOOKMARK [2][-]{subsection.7.3.4}{\376\377\000M\000e\000m\000b\000e\000r\000\040\000F\000u\000n\000c\000t\000i\000o\000n\000\040\000D\000o\000c\000u\000m\000e\000n\000t\000a\000t\000i\000o\000n}{section.7.3}% 40
\BOOKMARK [3][-]{subsubsection.7.3.4.1}{\376\377\000a\000c\000q\000u\000i\000r\000e\000L\000a\000y\000e\000r\000s}{subsection.7.3.4}% 41
\BOOKMARK [3][-]{subsubsection.7.3.4.2}{\376\377\000c\000l\000o\000s\000e\000B\000r\000o\000w\000s\000e\000r\000s}{subsection.7.3.4}% 42
\BOOKMARK [3][-]{subsubsection.7.3.4.3}{\376\377\000c\000o\000m\000p\000a\000r\000e\000P\000a\000g\000e\000s}{subsection.7.3.4}% 43
\BOOKMARK [3][-]{subsubsection.7.3.4.4}{\376\377\000g\000e\000t\000I\000m\000a\000g\000e}{subsection.7.3.4}% 44
\BOOKMARK [3][-]{subsubsection.7.3.4.5}{\376\377\000g\000e\000t\000R\000e\000s\000u\000l\000t\000s}{subsection.7.3.4}% 45
\BOOKMARK [3][-]{subsubsection.7.3.4.6}{\376\377\000l\000o\000c\000R\000O\000I}{subsection.7.3.4}% 46
\BOOKMARK [3][-]{subsubsection.7.3.4.7}{\376\377\000o\000p\000e\000r\000a\000t\000o\000r\000\050\000\051}{subsection.7.3.4}% 47
\BOOKMARK [3][-]{subsubsection.7.3.4.8}{\376\377\000r\000u\000n}{subsection.7.3.4}% 48
\BOOKMARK [3][-]{subsubsection.7.3.4.9}{\376\377\000s\000e\000t\000C\000o\000m\000p\000a\000r\000a\000t\000o\000r\000O\000b\000j\000e\000c\000t}{subsection.7.3.4}% 49
\BOOKMARK [3][-]{subsubsection.7.3.4.10}{\376\377\000s\000t\000a\000r\000t}{subsection.7.3.4}% 50
\BOOKMARK [3][-]{subsubsection.7.3.4.11}{\376\377\000t\000o\000M\000a\000t}{subsection.7.3.4}% 51
\BOOKMARK [2][-]{subsection.7.3.5}{\376\377\000M\000e\000m\000b\000e\000r\000\040\000D\000a\000t\000a\000\040\000D\000o\000c\000u\000m\000e\000n\000t\000a\000t\000i\000o\000n}{section.7.3}% 52
\BOOKMARK [3][-]{subsubsection.7.3.5.1}{\376\377\000c\000o\000m\000p\000a\000r\000a\000t\000o\000r}{subsection.7.3.5}% 53
\BOOKMARK [3][-]{subsubsection.7.3.5.2}{\376\377\000m\000\137\000c\000o\000u\000n\000t\000e\000r\000I\000n\000i\000t\000i\000a\000l}{subsection.7.3.5}% 54
\BOOKMARK [3][-]{subsubsection.7.3.5.3}{\376\377\000m\000\137\000j\000s\000S\000c\000r\000i\000p\000t\000N\000a\000m\000e}{subsection.7.3.5}% 55
\BOOKMARK [3][-]{subsubsection.7.3.5.4}{\376\377\000m\000\137\000l\000a\000y\000e\000r\000C\000h\000a\000n\000g\000e\000D\000e\000l\000a\000y}{subsection.7.3.5}% 56
\BOOKMARK [3][-]{subsubsection.7.3.5.5}{\376\377\000m\000\137\000l\000a\000y\000e\000r\000N\000u\000m\000b\000e\000r}{subsection.7.3.5}% 57
\BOOKMARK [3][-]{subsubsection.7.3.5.6}{\376\377\000m\000\137\000o\000p\000t\000i\000o\000n\000s}{subsection.7.3.5}% 58
\BOOKMARK [3][-]{subsubsection.7.3.5.7}{\376\377\000m\000\137\000r\000e\000s\000u\000l\000t\000s}{subsection.7.3.5}% 59
\BOOKMARK [3][-]{subsubsection.7.3.5.8}{\376\377\000m\000\137\000T\000e\000m\000p\000N\000a\000m\000e}{subsection.7.3.5}% 60
\BOOKMARK [1][-]{section.7.4}{\376\377\000w\000p\000c\000:\000:\000B\000a\000s\000i\000c\000L\000o\000a\000d\000e\000r\000A\000p\000p\000D\000a\000t\000a\000\040\000S\000t\000r\000u\000c\000t\000\040\000R\000e\000f\000e\000r\000e\000n\000c\000e}{chapter.7}% 61
\BOOKMARK [2][-]{subsection.7.4.1}{\376\377\000D\000e\000t\000a\000i\000l\000e\000d\000\040\000D\000e\000s\000c\000r\000i\000p\000t\000i\000o\000n}{section.7.4}% 62
\BOOKMARK [2][-]{subsection.7.4.2}{\376\377\000M\000e\000m\000b\000e\000r\000\040\000D\000a\000t\000a\000\040\000D\000o\000c\000u\000m\000e\000n\000t\000a\000t\000i\000o\000n}{section.7.4}% 63
\BOOKMARK [3][-]{subsubsection.7.4.2.1}{\376\377\000b\000r\000o\000w\000s\000e\000r\000\137\000d\000a\000t\000a}{subsection.7.4.2}% 64
\BOOKMARK [3][-]{subsubsection.7.4.2.2}{\376\377\000f\000i\000l\000e\000\137\000n\000a\000m\000e}{subsection.7.4.2}% 65
\BOOKMARK [3][-]{subsubsection.7.4.2.3}{\376\377\000w\000o\000r\000k\000i\000n\000g\000\137\000d\000i\000r\000e\000c\000t\000o\000r\000y}{subsection.7.4.2}% 66
\BOOKMARK [1][-]{section.7.5}{\376\377\000w\000p\000c\000:\000:\000B\000a\000s\000i\000c\000O\000p\000t\000i\000o\000n\000s\000\040\000C\000l\000a\000s\000s\000\040\000R\000e\000f\000e\000r\000e\000n\000c\000e}{chapter.7}% 67
\BOOKMARK [2][-]{subsection.7.5.1}{\376\377\000D\000e\000t\000a\000i\000l\000e\000d\000\040\000D\000e\000s\000c\000r\000i\000p\000t\000i\000o\000n}{section.7.5}% 68
\BOOKMARK [2][-]{subsection.7.5.2}{\376\377\000M\000e\000m\000b\000e\000r\000\040\000F\000u\000n\000c\000t\000i\000o\000n\000\040\000D\000o\000c\000u\000m\000e\000n\000t\000a\000t\000i\000o\000n}{section.7.5}% 69
\BOOKMARK [3][-]{subsubsection.7.5.2.1}{\376\377\000c\000l\000e\000a\000r}{subsection.7.5.2}% 70
\BOOKMARK [3][-]{subsubsection.7.5.2.2}{\376\377\000g\000e\000t\000P\000r\000o\000p\000e\000r\000t\000y}{subsection.7.5.2}% 71
\BOOKMARK [3][-]{subsubsection.7.5.2.3}{\376\377\000l\000o\000a\000d}{subsection.7.5.2}% 72
\BOOKMARK [2][-]{subsection.7.5.3}{\376\377\000M\000e\000m\000b\000e\000r\000\040\000D\000a\000t\000a\000\040\000D\000o\000c\000u\000m\000e\000n\000t\000a\000t\000i\000o\000n}{section.7.5}% 73
\BOOKMARK [3][-]{subsubsection.7.5.3.1}{\376\377\000m\000\137\000o\000p\000t\000i\000o\000n\000s\000C\000o\000n\000t\000a\000i\000n\000e\000r}{subsection.7.5.3}% 74
\BOOKMARK [1][-]{section.7.6}{\376\377\000w\000p\000c\000:\000:\000B\000r\000o\000w\000s\000e\000r\000D\000a\000t\000a\000\040\000S\000t\000r\000u\000c\000t\000\040\000R\000e\000f\000e\000r\000e\000n\000c\000e}{chapter.7}% 75
\BOOKMARK [2][-]{subsection.7.6.1}{\376\377\000D\000e\000t\000a\000i\000l\000e\000d\000\040\000D\000e\000s\000c\000r\000i\000p\000t\000i\000o\000n}{section.7.6}% 76
\BOOKMARK [2][-]{subsection.7.6.2}{\376\377\000M\000e\000m\000b\000e\000r\000\040\000D\000a\000t\000a\000\040\000D\000o\000c\000u\000m\000e\000n\000t\000a\000t\000i\000o\000n}{section.7.6}% 77
\BOOKMARK [3][-]{subsubsection.7.6.2.1}{\376\377\000p\000a\000t\000h}{subsection.7.6.2}% 78
\BOOKMARK [3][-]{subsubsection.7.6.2.2}{\376\377\000t\000i\000t\000l\000e}{subsection.7.6.2}% 79
\BOOKMARK [1][-]{section.7.7}{\376\377\000w\000p\000c\000:\000:\000c\000m\000p\000\137\000t\000r\000a\000i\000t\000<\000\040\000T\000\040\000>\000\040\000S\000t\000r\000u\000c\000t\000\040\000T\000e\000m\000p\000l\000a\000t\000e\000\040\000R\000e\000f\000e\000r\000e\000n\000c\000e}{chapter.7}% 80
\BOOKMARK [2][-]{subsection.7.7.1}{\376\377\000D\000e\000t\000a\000i\000l\000e\000d\000\040\000D\000e\000s\000c\000r\000i\000p\000t\000i\000o\000n}{section.7.7}% 81
\BOOKMARK [1][-]{section.7.8}{\376\377\000w\000p\000c\000:\000:\000c\000m\000p\000\137\000t\000r\000a\000i\000t\000<\000\040\000B\000a\000s\000i\000c\000C\000o\000m\000p\000a\000r\000a\000t\000o\000r\000\040\000>\000\040\000S\000t\000r\000u\000c\000t\000\040\000T\000e\000m\000p\000l\000a\000t\000e\000\040\000R\000e\000f\000e\000r\000e\000n\000c\000e}{chapter.7}% 82
\BOOKMARK [2][-]{subsection.7.8.1}{\376\377\000D\000e\000t\000a\000i\000l\000e\000d\000\040\000D\000e\000s\000c\000r\000i\000p\000t\000i\000o\000n}{section.7.8}% 83
\BOOKMARK [2][-]{subsection.7.8.2}{\376\377\000M\000e\000m\000b\000e\000r\000\040\000T\000y\000p\000e\000d\000e\000f\000\040\000D\000o\000c\000u\000m\000e\000n\000t\000a\000t\000i\000o\000n}{section.7.8}% 84
\BOOKMARK [3][-]{subsubsection.7.8.2.1}{\376\377\000c\000m\000p\000\137\000c\000a\000l\000l\000\137\000s\000i\000g}{subsection.7.8.2}% 85
\BOOKMARK [3][-]{subsubsection.7.8.2.2}{\376\377\000r\000e\000s\000u\000l\000t\000\137\000t\000y\000p\000e}{subsection.7.8.2}% 86
\BOOKMARK [1][-]{section.7.9}{\376\377\000w\000p\000c\000:\000:\000L\000a\000y\000e\000r\000D\000a\000t\000a\000\040\000S\000t\000r\000u\000c\000t\000\040\000R\000e\000f\000e\000r\000e\000n\000c\000e}{chapter.7}% 87
\BOOKMARK [2][-]{subsection.7.9.1}{\376\377\000D\000e\000t\000a\000i\000l\000e\000d\000\040\000D\000e\000s\000c\000r\000i\000p\000t\000i\000o\000n}{section.7.9}% 88
\BOOKMARK [2][-]{subsection.7.9.2}{\376\377\000M\000e\000m\000b\000e\000r\000\040\000D\000a\000t\000a\000\040\000D\000o\000c\000u\000m\000e\000n\000t\000a\000t\000i\000o\000n}{section.7.9}% 89
\BOOKMARK [3][-]{subsubsection.7.9.2.1}{\376\377\000b\000r\000o\000w\000s\000e\000r}{subsection.7.9.2}% 90
\BOOKMARK [3][-]{subsubsection.7.9.2.2}{\376\377\000i\000m\000a\000g\000e}{subsection.7.9.2}% 91
\BOOKMARK [1][-]{section.7.10}{\376\377\000w\000p\000c\000:\000:\000P\000r\000o\000c\000e\000s\000s\000i\000n\000g\000F\000l\000o\000w\000<\000\040\000L\000,\000\040\000C\000\040\000>\000\040\000C\000l\000a\000s\000s\000\040\000T\000e\000m\000p\000l\000a\000t\000e\000\040\000R\000e\000f\000e\000r\000e\000n\000c\000e}{chapter.7}% 92
\BOOKMARK [2][-]{subsection.7.10.1}{\376\377\000D\000e\000t\000a\000i\000l\000e\000d\000\040\000D\000e\000s\000c\000r\000i\000p\000t\000i\000o\000n}{section.7.10}% 93
\BOOKMARK [2][-]{subsection.7.10.2}{\376\377\000C\000o\000n\000s\000t\000r\000u\000c\000t\000o\000r\000\040\000\046\000\040\000D\000e\000s\000t\000r\000u\000c\000t\000o\000r\000\040\000D\000o\000c\000u\000m\000e\000n\000t\000a\000t\000i\000o\000n}{section.7.10}% 94
\BOOKMARK [3][-]{subsubsection.7.10.2.1}{\376\377\000P\000r\000o\000c\000e\000s\000s\000i\000n\000g\000F\000l\000o\000w}{subsection.7.10.2}% 95
\BOOKMARK [3][-]{subsubsection.7.10.2.2}{\376\377\000P\000r\000o\000c\000e\000s\000s\000i\000n\000g\000F\000l\000o\000w}{subsection.7.10.2}% 96
\BOOKMARK [3][-]{subsubsection.7.10.2.3}{\376\377\000P\000r\000o\000c\000e\000s\000s\000i\000n\000g\000F\000l\000o\000w}{subsection.7.10.2}% 97
\BOOKMARK [2][-]{subsection.7.10.3}{\376\377\000M\000e\000m\000b\000e\000r\000\040\000F\000u\000n\000c\000t\000i\000o\000n\000\040\000D\000o\000c\000u\000m\000e\000n\000t\000a\000t\000i\000o\000n}{section.7.10}% 98
\BOOKMARK [3][-]{subsubsection.7.10.3.1}{\376\377\000o\000p\000e\000r\000a\000t\000o\000r\000\050\000\051}{subsection.7.10.3}% 99
\BOOKMARK [3][-]{subsubsection.7.10.3.2}{\376\377\000o\000p\000e\000r\000a\000t\000o\000r\000=}{subsection.7.10.3}% 100
\BOOKMARK [1][-]{section.7.11}{\376\377\000w\000p\000c\000:\000:\000R\000e\000s\000u\000l\000t\000T\000y\000p\000e\000\040\000S\000t\000r\000u\000c\000t\000\040\000R\000e\000f\000e\000r\000e\000n\000c\000e}{chapter.7}% 101
\BOOKMARK [2][-]{subsection.7.11.1}{\376\377\000D\000e\000t\000a\000i\000l\000e\000d\000\040\000D\000e\000s\000c\000r\000i\000p\000t\000i\000o\000n}{section.7.11}% 102
\BOOKMARK [2][-]{subsection.7.11.2}{\376\377\000M\000e\000m\000b\000e\000r\000\040\000D\000a\000t\000a\000\040\000D\000o\000c\000u\000m\000e\000n\000t\000a\000t\000i\000o\000n}{section.7.11}% 103
\BOOKMARK [3][-]{subsubsection.7.11.2.1}{\376\377\000c\000m\000p\000C\000o\000e\000f\000f}{subsection.7.11.2}% 104
\BOOKMARK [3][-]{subsubsection.7.11.2.2}{\376\377\000d\000e\000f\0001}{subsection.7.11.2}% 105
\BOOKMARK [3][-]{subsubsection.7.11.2.3}{\376\377\000d\000e\000f\0002}{subsection.7.11.2}% 106
\BOOKMARK [3][-]{subsubsection.7.11.2.4}{\376\377\000l\000a\000y\000e\000r\000N\000u\000m\000b\000e\000r}{subsection.7.11.2}% 107
\BOOKMARK [0][-]{chapter.8}{\376\377\000F\000i\000l\000e\000\040\000D\000o\000c\000u\000m\000e\000n\000t\000a\000t\000i\000o\000n}{}% 108
\BOOKMARK [1][-]{section.8.1}{\376\377\000s\000r\000c\000/\000B\000a\000s\000i\000c\000C\000o\000m\000p\000a\000r\000a\000t\000o\000r\000.\000c\000p\000p\000\040\000F\000i\000l\000e\000\040\000R\000e\000f\000e\000r\000e\000n\000c\000e}{chapter.8}% 109
\BOOKMARK [2][-]{subsection.8.1.1}{\376\377\000D\000e\000t\000a\000i\000l\000e\000d\000\040\000D\000e\000s\000c\000r\000i\000p\000t\000i\000o\000n}{section.8.1}% 110
\BOOKMARK [1][-]{section.8.2}{\376\377\000s\000r\000c\000/\000B\000a\000s\000i\000c\000C\000o\000m\000p\000a\000r\000a\000t\000o\000r\000.\000h\000\040\000F\000i\000l\000e\000\040\000R\000e\000f\000e\000r\000e\000n\000c\000e}{chapter.8}% 111
\BOOKMARK [2][-]{subsection.8.2.1}{\376\377\000D\000e\000t\000a\000i\000l\000e\000d\000\040\000D\000e\000s\000c\000r\000i\000p\000t\000i\000o\000n}{section.8.2}% 112
\BOOKMARK [1][-]{section.8.3}{\376\377\000s\000r\000c\000/\000B\000a\000s\000i\000c\000L\000o\000a\000d\000e\000r\000.\000c\000p\000p\000\040\000F\000i\000l\000e\000\040\000R\000e\000f\000e\000r\000e\000n\000c\000e}{chapter.8}% 113
\BOOKMARK [2][-]{subsection.8.3.1}{\376\377\000D\000e\000t\000a\000i\000l\000e\000d\000\040\000D\000e\000s\000c\000r\000i\000p\000t\000i\000o\000n}{section.8.3}% 114
\BOOKMARK [1][-]{section.8.4}{\376\377\000s\000r\000c\000/\000B\000a\000s\000i\000c\000L\000o\000a\000d\000e\000r\000.\000h\000\040\000F\000i\000l\000e\000\040\000R\000e\000f\000e\000r\000e\000n\000c\000e}{chapter.8}% 115
\BOOKMARK [2][-]{subsection.8.4.1}{\376\377\000D\000e\000t\000a\000i\000l\000e\000d\000\040\000D\000e\000s\000c\000r\000i\000p\000t\000i\000o\000n}{section.8.4}% 116
\BOOKMARK [1][-]{section.8.5}{\376\377\000s\000r\000c\000/\000B\000a\000s\000i\000c\000O\000p\000t\000i\000o\000n\000s\000.\000c\000p\000p\000\040\000F\000i\000l\000e\000\040\000R\000e\000f\000e\000r\000e\000n\000c\000e}{chapter.8}% 117
\BOOKMARK [2][-]{subsection.8.5.1}{\376\377\000D\000e\000t\000a\000i\000l\000e\000d\000\040\000D\000e\000s\000c\000r\000i\000p\000t\000i\000o\000n}{section.8.5}% 118
\BOOKMARK [1][-]{section.8.6}{\376\377\000s\000r\000c\000/\000B\000a\000s\000i\000c\000O\000p\000t\000i\000o\000n\000s\000.\000h\000\040\000F\000i\000l\000e\000\040\000R\000e\000f\000e\000r\000e\000n\000c\000e}{chapter.8}% 119
\BOOKMARK [2][-]{subsection.8.6.1}{\376\377\000D\000e\000t\000a\000i\000l\000e\000d\000\040\000D\000e\000s\000c\000r\000i\000p\000t\000i\000o\000n}{section.8.6}% 120
\BOOKMARK [1][-]{section.8.7}{\376\377\000s\000r\000c\000/\000c\000o\000m\000p\000a\000r\000a\000t\000o\000r\000\137\000t\000r\000a\000i\000t\000s\000.\000h\000\040\000F\000i\000l\000e\000\040\000R\000e\000f\000e\000r\000e\000n\000c\000e}{chapter.8}% 121
\BOOKMARK [2][-]{subsection.8.7.1}{\376\377\000D\000e\000t\000a\000i\000l\000e\000d\000\040\000D\000e\000s\000c\000r\000i\000p\000t\000i\000o\000n}{section.8.7}% 122
\BOOKMARK [1][-]{section.8.8}{\376\377\000s\000r\000c\000/\000l\000o\000a\000d\000e\000r\000\137\000t\000r\000a\000i\000t\000s\000.\000h\000\040\000F\000i\000l\000e\000\040\000R\000e\000f\000e\000r\000e\000n\000c\000e}{chapter.8}% 123
\BOOKMARK [2][-]{subsection.8.8.1}{\376\377\000D\000e\000t\000a\000i\000l\000e\000d\000\040\000D\000e\000s\000c\000r\000i\000p\000t\000i\000o\000n}{section.8.8}% 124
\BOOKMARK [1][-]{section.8.9}{\376\377\000s\000r\000c\000/\000m\000a\000i\000n\000p\000a\000g\000e\000.\000d\000o\000x\000\040\000F\000i\000l\000e\000\040\000R\000e\000f\000e\000r\000e\000n\000c\000e}{chapter.8}% 125
\BOOKMARK [1][-]{section.8.10}{\376\377\000s\000r\000c\000/\000m\000i\000s\000c\000.\000c\000p\000p\000\040\000F\000i\000l\000e\000\040\000R\000e\000f\000e\000r\000e\000n\000c\000e}{chapter.8}% 126
\BOOKMARK [2][-]{subsection.8.10.1}{\376\377\000D\000e\000t\000a\000i\000l\000e\000d\000\040\000D\000e\000s\000c\000r\000i\000p\000t\000i\000o\000n}{section.8.10}% 127
\BOOKMARK [1][-]{section.8.11}{\376\377\000s\000r\000c\000/\000m\000i\000s\000c\000.\000h\000\040\000F\000i\000l\000e\000\040\000R\000e\000f\000e\000r\000e\000n\000c\000e}{chapter.8}% 128
\BOOKMARK [2][-]{subsection.8.11.1}{\376\377\000D\000e\000t\000a\000i\000l\000e\000d\000\040\000D\000e\000s\000c\000r\000i\000p\000t\000i\000o\000n}{section.8.11}% 129
